current directory: /vagrant_data/code/gems/puma-3.11.3/ext/puma_http11
/usr/local/bin/ruby -r ./siteconf20180414-1555-74ulw1.rb extconf.rb
checking for BIO_read() in -lcrypto... yes
checking for SSL_CTX_new() in -lssl... yes
checking for openssl/bio.h... yes
creating Makefile

To see why this extension failed to compile, please check the mkmf.log which can be found here:

  /vagrant_data/code/extensions/x86_64-linux/2.3.0-static/puma-3.11.3/mkmf.log

current directory: /vagrant_data/code/gems/puma-3.11.3/ext/puma_http11
make "DESTDIR=" clean

current directory: /vagrant_data/code/gems/puma-3.11.3/ext/puma_http11
make "DESTDIR="
compiling puma_http11.c
compiling io_buffer.c
compiling mini_ssl.c
mini_ssl.c: In function ‘engine_init_server’:
mini_ssl.c:153:3: warning: ISO C90 forbids mixed declarations and code [-Wdeclaration-after-statement]
   ID sym_cert = rb_intern("cert");
   ^
mini_ssl.c:158:3: warning: ISO C90 forbids mixed declarations and code [-Wdeclaration-after-statement]
   ID sym_ca = rb_intern("ca");
   ^
mini_ssl.c:180:3: warning: ISO C90 forbids mixed declarations and code [-Wdeclaration-after-statement]
   DH *dh = get_dh1024();
   ^
mini_ssl.c:184:3: warning: ISO C90 forbids mixed declarations and code [-Wdeclaration-after-statement]
   EC_KEY *ecdh = EC_KEY_new_by_curve_name(NID_secp521r1);
   ^
compiling http11_parser.c
linking shared-object puma/puma_http11.so

current directory: /vagrant_data/code/gems/puma-3.11.3/ext/puma_http11
make "DESTDIR=" install
/usr/bin/install -c -m 0755 puma_http11.so ./.gem.20180414-1555-stetsn/puma
