current directory: /vagrant_data/code/gems/ffi-1.9.23/ext/ffi_c
/usr/local/bin/ruby -r ./siteconf20180414-1555-179agrm.rb extconf.rb
checking for ffi_call() in -lffi... yes
checking for ffi_closure_alloc()... yes
checking for ffi_raw_call()... yes
checking for ffi_prep_raw_closure()... yes
checking for shlwapi.h... no
checking for rb_thread_blocking_region()... no
checking for rb_thread_call_with_gvl()... yes
checking for rb_thread_call_without_gvl()... yes
checking for ffi_prep_cif_var()... yes
creating extconf.h
creating Makefile

To see why this extension failed to compile, please check the mkmf.log which can be found here:

  /vagrant_data/code/extensions/x86_64-linux/2.3.0-static/ffi-1.9.23/mkmf.log

current directory: /vagrant_data/code/gems/ffi-1.9.23/ext/ffi_c
make "DESTDIR=" clean

current directory: /vagrant_data/code/gems/ffi-1.9.23/ext/ffi_c
make "DESTDIR="
compiling Buffer.c
compiling ArrayType.c
compiling Types.c
compiling Variadic.c
compiling MappedType.c
compiling MemoryPointer.c
compiling Pointer.c
compiling AbstractMemory.c
compiling Thread.c
compiling FunctionInfo.c
compiling StructByReference.c
compiling LastError.c
compiling Function.c
compiling DynamicLibrary.c
compiling ffi.c
compiling Closure.c
compiling Platform.c
compiling StructByValue.c
compiling StructLayout.c
compiling Struct.c
compiling Type.c
compiling Call.c
compiling MethodHandle.c
compiling DataConverter.c
compiling LongDouble.c
linking shared-object ffi_c.so

current directory: /vagrant_data/code/gems/ffi-1.9.23/ext/ffi_c
make "DESTDIR=" install
/usr/bin/install -c -m 0755 ffi_c.so ./.gem.20180414-1555-hpnakv
